<?xml version="1.0" encoding="UTF-8"?>
<beans xmlns="http://www.springframework.org/schema/beans"
  xmlns:xsi="http://www.w3.org/2001/XMLSchema-instance" xmlns:p="http://www.springframework.org/schema/p"
  xmlns:context="http://www.springframework.org/schema/context"
  xmlns:cache="http://www.springframework.org/schema/cache" xmlns:tx="http://www.springframework.org/schema/tx"
  xsi:schemaLocation="
        http://www.springframework.org/schema/beans
        http://www.springframework.org/schema/beans/spring-beans-4.1.xsd
        http://www.springframework.org/schema/context
        http://www.springframework.org/schema/context/spring-context-4.1.xsd
        http://www.springframework.org/schema/cache
        http://www.springframework.org/schema/cache/spring-cache.xsd">


  <!-- Auto scan the components -->
  <context:annotation-config />
  <context:component-scan base-package="com.niulbird.clubmgr.util" />

  <context:property-placeholder location="classpath:global-test.properties" />
  <!-- Spring Mail configuration -->
  <bean id="mailSender" class="org.springframework.mail.javamail.JavaMailSenderImpl">
    <property name="host" value="${mail.smtp.host}" />
    <property name="port" value="${mail.smtp.port}" />
    <property name="username" value="${mail.smtp.user}" />
    <property name="password" value="${mail.smtp.pass}" />
    <property name="javaMailProperties">
      <props>
        <!-- Use SMTP-AUTH to authenticate to SMTP server -->
        <prop key="mail.smtp.auth">true</prop>
        <!-- Use TLS to encrypt communication with SMTP server -->
        <prop key="mail.smtp.starttls.enable">true</prop>
      </props>
    </property>
  </bean>

  <bean id="mailMessage" class="org.springframework.mail.SimpleMailMessage">
    <property name="to">
      <value><![CDATA[${email.toName} <${email.toEmail}>]]></value>
    </property>
    <property name="from">
      <value><![CDATA[${email.fromName} <${email.fromEmail}>]]></value>
    </property>
    <property name="subject" value="${email.subject}" />
  </bean>

  <!-- Wordpress Service -->
  <bean id="wordPressDao"
    class="com.niulbird.clubmgr.util.wordpress.DefaultWordPressDao">
    <property name="baseUrl" value="${wordpress.site.baseUrl}" />
    <property name="siteName" value="${wordpress.site.name}" />
  </bean>

  <!-- Cache -->
  <cache:annotation-driven />
  <bean id="jCacheManager" class="org.springframework.cache.jcache.JCacheManagerFactoryBean">
		<property name="cacheManagerUri" value="classpath:ehcache.xml" />
	</bean>
	
	<bean id="cacheManager" class="org.springframework.cache.jcache.JCacheCacheManager">
		<property name="cacheManager" ref="jCacheManager" />
	</bean>
</beans>
