<?xml version="1.0" encoding="UTF-8"?>
<beans xmlns="http://www.springframework.org/schema/beans"
       xmlns:xsi="http://www.w3.org/2001/XMLSchema-instance"
       xmlns:p="http://www.springframework.org/schema/p"
       xmlns:context="http://www.springframework.org/schema/context"
       xmlns:cache="http://www.springframework.org/schema/cache"
       xmlns:jpa="http://www.springframework.org/schema/data/jpa"
       xmlns:task="http://www.springframework.org/schema/task"
       xmlns:tx="http://www.springframework.org/schema/tx"
       xsi:schemaLocation="
        http://www.springframework.org/schema/beans
        http://www.springframework.org/schema/beans/spring-beans.xsd
        http://www.springframework.org/schema/context
        http://www.springframework.org/schema/context/spring-context.xsd
        http://www.springframework.org/schema/cache 
        http://www.springframework.org/schema/cache/spring-cache.xsd
        http://www.springframework.org/schema/data/jpa
    	http://www.springframework.org/schema/data/jpa/spring-jpa.xsd
    	http://www.springframework.org/schema/task
		http://www.springframework.org/schema/task/spring-task.xsd
    	http://www.springframework.org/schema/tx 
    	http://www.springframework.org/schema/tx/spring-tx.xsd">


	<!-- Auto scan the components -->
	<context:annotation-config />
	<context:component-scan base-package="com.niulbird.clubmgr" />
	<jpa:repositories base-package="com.niulbird.clubmgr.db.repository" />
	<task:annotation-driven executor="myExecutor" scheduler="myScheduler"/>
	<task:executor id="myExecutor" pool-size="5"/>
	<task:scheduler id="myScheduler" pool-size="10"/>
    
    <context:property-placeholder location="classpath:global-test.properties"/>
    
      <!-- Message Source -->
    <bean id="messageSource"
          class="org.springframework.context.support.ReloadableResourceBundleMessageSource">
        <property name="basenames">
          <list>
            <value>classpath:jobs-messages</value>
          </list>
      </property>
    </bean>
    
        <!-- Spring Mail configuration -->
  <bean id="mailSender" class="org.springframework.mail.javamail.JavaMailSenderImpl">
    <property name="host" value="${mail.smtp.host}" />
    <property name="port" value="${mail.smtp.port}" />
    <property name="username" value="${mail.smtp.user}" />
    <property name="password" value="${mail.smtp.pass}" />
    <property name="javaMailProperties">
      <props>
        <!-- Use SMTP-AUTH to authenticate to SMTP server -->
        <prop key="mail.smtp.auth">true</prop>
        <!-- Use TLS to encrypt communication with SMTP server -->
        <prop key="mail.smtp.starttls.enable">true</prop>
      </props>
    </property>
  </bean>
    
    <bean id="freeMarkerConfigurationFactory" class="org.springframework.ui.freemarker.FreeMarkerConfigurationFactoryBean">
      <property name="templateLoaderPath" value="classpath:fmtemplates"/>
      <property name="preferFileSystemAccess" value="false"/>
    </bean>
    <bean id="freeMarkerConfiguration" class="freemarker.template.Configuration" factory-bean="freeMarkerConfigurationFactory" factory-method="createConfiguration" scope="prototype"/>
  
    
    <!-- Cache -->
    <cache:annotation-driven />

	<!-- PostgreSQL DataSource -->
	<bean id="dataSource"
		class="org.apache.commons.dbcp2.BasicDataSource"
		destroy-method="close">
		<property name="driverClassName" value="${spring.datasource.driver-class-name}" />
		<property name="url" value="${spring.datasource.url}" />
		<property name="username" value="${spring.datasource.username}" />
		<property name="password" value="${spring.datasource.password}" />
	</bean>

	<!-- session factory -->
	<bean id="entityManagerFactory"
		class="org.springframework.orm.jpa.LocalContainerEntityManagerFactoryBean">
		<property name="dataSource" ref="dataSource" />
		<property name="packagesToScan" value="com.niulbird.clubmgr.db" />
		<property name="jpaVendorAdapter">
			<bean
				class="org.springframework.orm.jpa.vendor.HibernateJpaVendorAdapter" />
		</property>
		<property name="jpaProperties">
			<props>
				<prop key="hibernate.hbm2ddl.auto">validate</prop>
				<prop key="hibernate.dialect">org.hibernate.dialect.PostgreSQLDialect</prop>
				<prop key="hibernate.show_sql">true</prop>
				<prop key="hibernate.enable_lazy_load_no_trans">true</prop>
				<prop key="hibernate.cache.use_second_level_cache">true</prop>
				<prop key="hibernate.cache.use_query_cache">true</prop>
				<prop key="hibernate.cache.region.factory_class">org.hibernate.cache.jcache.JCacheRegionFactory</prop>
				<prop key="hibernate.javax.cache.uri">ehcache.xml</prop>
				<prop key="javax.cache.provider">org.ehcache.jsr107.EhcacheCachingProvider</prop>
			</props>
		</property>
	</bean>
   	<bean id="transactionManager" class="org.springframework.orm.jpa.JpaTransactionManager">
    	<property name="dataSource" ref="dataSource"/>
    	<property name="entityManagerFactory" ref="entityManagerFactory"/>
	</bean>
	
	<tx:annotation-driven transaction-manager="transactionManager"
        proxy-target-class="true" />
</beans>
